<?xml version="1.0" encoding="UTF-8"?>
<!-- Generated by org.testng.reporters.JUnitXMLReporter -->
<testsuite hostname="Sowbhas-iMac.local" ignored="0" name="Dashboard" tests="5" failures="0" timestamp="29 May 2019 12:35:39 GMT" time="0.136" errors="0">
  <testcase name="@BeforeTest getBrowser" time="0.0" classname="com.wordpress.base.TestBaseParallel">
    <failure type="org.testng.TestNGException" message="
Parameter &amp;apos;myBrowser&amp;apos; is required by BeforeTest on method getBrowser but has not been marked @Optional or defined
in /Users/durga/eclipse-workspace/WordpressParallelTesting/paralleltestSuite.xml">
      <![CDATA[org.testng.TestNGException: 
Parameter 'myBrowser' is required by BeforeTest on method getBrowser but has not been marked @Optional or defined
in /Users/durga/eclipse-workspace/WordpressParallelTesting/paralleltestSuite.xml
at java.util.concurrent.FutureTask.run(FutureTask.java:266)
at java.util.concurrent.ThreadPoolExecutor.runWorker(ThreadPoolExecutor.java:1149)
at java.util.concurrent.ThreadPoolExecutor$Worker.run(ThreadPoolExecutor.java:624)
at java.lang.Thread.run(Thread.java:748)
... Removed 12 stack frames]]>
    </failure>
  </testcase> <!-- @BeforeTest getBrowser -->
  <testcase name="@BeforeMethod setUp" time="0.0" classname="com.wordpress.xyz.DashboardpageTest">
    <skipped/>
  </testcase> <!-- @BeforeMethod setUp -->
  <testcase name="@AfterMethod tearDown" time="0.0" classname="com.wordpress.xyz.DashboardpageTest">
    <skipped/>
  </testcase> <!-- @AfterMethod tearDown -->
  <testcase name="@BeforeMethod setUp" time="0.0" classname="com.wordpress.xyz.DashboardpageTest">
    <skipped/>
  </testcase> <!-- @BeforeMethod setUp -->
  <testcase name="@AfterMethod tearDown" time="0.0" classname="com.wordpress.xyz.DashboardpageTest">
    <skipped/>
  </testcase> <!-- @AfterMethod tearDown -->
  <testcase name="@BeforeMethod setUp" time="0.0" classname="com.wordpress.xyz.DashboardpageTest">
    <skipped/>
  </testcase> <!-- @BeforeMethod setUp -->
  <testcase name="@AfterMethod tearDown" time="0.0" classname="com.wordpress.xyz.DashboardpageTest">
    <skipped/>
  </testcase> <!-- @AfterMethod tearDown -->
  <testcase name="@BeforeMethod setUp" time="0.0" classname="com.wordpress.xyz.DashboardpageTest">
    <skipped/>
  </testcase> <!-- @BeforeMethod setUp -->
  <testcase name="@AfterMethod tearDown" time="0.0" classname="com.wordpress.xyz.DashboardpageTest">
    <skipped/>
  </testcase> <!-- @AfterMethod tearDown -->
  <testcase name="@BeforeMethod setUp" time="0.0" classname="com.wordpress.xyz.DashboardpageTest">
    <skipped/>
  </testcase> <!-- @BeforeMethod setUp -->
  <testcase name="@AfterMethod tearDown" time="0.0" classname="com.wordpress.xyz.DashboardpageTest">
    <skipped/>
  </testcase> <!-- @AfterMethod tearDown -->
  <testcase name="@AfterTest closeBrowser" time="0.0" classname="com.wordpress.base.TestBaseParallel">
    <skipped/>
  </testcase> <!-- @AfterTest closeBrowser -->
  <testcase name="validatecommentsTest" time="0.0" classname="com.wordpress.xyz.DashboardpageTest">
    <skipped/>
  </testcase> <!-- validatecommentsTest -->
  <testcase name="validatecreatepageTest" time="0.0" classname="com.wordpress.xyz.DashboardpageTest">
    <skipped/>
  </testcase> <!-- validatecreatepageTest -->
  <testcase name="validatecustomizeTest" time="0.0" classname="com.wordpress.xyz.DashboardpageTest">
    <skipped/>
  </testcase> <!-- validatecustomizeTest -->
  <testcase name="validatefirstenrtyTest" time="0.0" classname="com.wordpress.xyz.DashboardpageTest">
    <skipped/>
  </testcase> <!-- validatefirstenrtyTest -->
  <testcase name="validatepostTest" time="0.0" classname="com.wordpress.xyz.DashboardpageTest">
    <skipped/>
  </testcase> <!-- validatepostTest -->
</testsuite> <!-- Dashboard -->
