<html>
<head>
<title>TestNG:  Loginpage</title>
<link href="../testng.css" rel="stylesheet" type="text/css" />
<link href="../my-testng.css" rel="stylesheet" type="text/css" />

<style type="text/css">
.log { display: none;} 
.stack-trace { display: none;} 
</style>
<script type="text/javascript">
<!--
function flip(e) {
  current = e.style.display;
  if (current == 'block') {
    e.style.display = 'none';
    return 0;
  }
  else {
    e.style.display = 'block';
    return 1;
  }
}

function toggleBox(szDivId, elem, msg1, msg2)
{
  var res = -1;  if (document.getElementById) {
    res = flip(document.getElementById(szDivId));
  }
  else if (document.all) {
    // this is the way old msie versions work
    res = flip(document.all[szDivId]);
  }
  if(elem) {
    if(res == 0) elem.innerHTML = msg1; else elem.innerHTML = msg2;
  }

}

function toggleAllBoxes() {
  if (document.getElementsByTagName) {
    d = document.getElementsByTagName('div');
    for (i = 0; i < d.length; i++) {
      if (d[i].className == 'log') {
        flip(d[i]);
      }
    }
  }
}

// -->
</script>

</head>
<body>
<h2 align='center'>Loginpage</h2><table border='1' align="center">
<tr>
<td>Tests passed/Failed/Skipped:</td><td>0/0/4</td>
</tr><tr>
<td>Started on:</td><td>Wed May 29 18:05:39 IST 2019</td>
</tr>
<tr><td>Total time:</td><td>0 seconds (99 ms)</td>
</tr><tr>
<td>Included groups:</td><td></td>
</tr><tr>
<td>Excluded groups:</td><td></td>
</tr>
</table><p/>
<small><i>(Hover the method name to see the test class name)</i></small><p/>
<table width='100%' border='1' class='invocation-failed'>
<tr><td colspan='4' align='center'><b>FAILED CONFIGURATIONS</b></td></tr>
<tr><td><b>Test method</b></td>
<td width="30%"><b>Exception</b></td>
<td width="10%"><b>Time (seconds)</b></td>
<td><b>Instance</b></td>
</tr>
<tr>
<td title='com.wordpress.xyz.LoginpageTest.getBrowser()'><b>getBrowser</b><br>Test class: com.wordpress.xyz.LoginpageTest</td>
<td><div><pre>org.testng.TestNGException: 
Parameter &apos;myBrowser&apos; is required by BeforeTest on method getBrowser but has not been marked @Optional or defined
in /Users/durga/eclipse-workspace/WordpressParallelTesting/paralleltestSuite.xml
	at java.util.concurrent.FutureTask.run(FutureTask.java:266)
	at java.util.concurrent.ThreadPoolExecutor.runWorker(ThreadPoolExecutor.java:1149)
	at java.util.concurrent.ThreadPoolExecutor$Worker.run(ThreadPoolExecutor.java:624)
	at java.lang.Thread.run(Thread.java:748)
... Removed 12 stack frames</pre></div><a href='#' onClick='toggleBox("stack-trace1432450105", this, "Click to show all stack frames", "Click to hide stack frames")'>Click to show all stack frames</a>
<div class='stack-trace' id='stack-trace1432450105'><pre>org.testng.TestNGException: 
Parameter &apos;myBrowser&apos; is required by BeforeTest on method getBrowser but has not been marked @Optional or defined
in /Users/durga/eclipse-workspace/WordpressParallelTesting/paralleltestSuite.xml
	at org.testng.internal.Parameters.createParams(Parameters.java:290)
	at org.testng.internal.Parameters.createParametersForMethod(Parameters.java:359)
	at org.testng.internal.Parameters.createParameters(Parameters.java:620)
	at org.testng.internal.Parameters.createConfigurationParameters(Parameters.java:190)
	at org.testng.internal.Invoker.invokeConfigurations(Invoker.java:209)
	at org.testng.internal.Invoker.invokeConfigurations(Invoker.java:142)
	at org.testng.TestRunner.beforeRun(TestRunner.java:529)
	at org.testng.TestRunner.run(TestRunner.java:497)
	at org.testng.SuiteRunner.runTest(SuiteRunner.java:455)
	at org.testng.SuiteRunner.access$000(SuiteRunner.java:40)
	at org.testng.SuiteRunner$SuiteWorker.run(SuiteRunner.java:489)
	at org.testng.internal.thread.ThreadUtil$1.call(ThreadUtil.java:52)
	at java.util.concurrent.FutureTask.run(FutureTask.java:266)
	at java.util.concurrent.ThreadPoolExecutor.runWorker(ThreadPoolExecutor.java:1149)
	at java.util.concurrent.ThreadPoolExecutor$Worker.run(ThreadPoolExecutor.java:624)
	at java.lang.Thread.run(Thread.java:748)
</pre></div></td>
<td>0</td>
<td>com.wordpress.xyz.LoginpageTest@15b3e5b</td></tr>
<tr>
<td title='com.wordpress.xyz.DashboardpageTest.getBrowser()'><b>getBrowser</b><br>Test class: com.wordpress.xyz.DashboardpageTest</td>
<td><div><pre>org.testng.TestNGException: 
Parameter &apos;myBrowser&apos; is required by BeforeTest on method getBrowser but has not been marked @Optional or defined
in /Users/durga/eclipse-workspace/WordpressParallelTesting/paralleltestSuite.xml
	at java.util.concurrent.FutureTask.run(FutureTask.java:266)
	at java.util.concurrent.ThreadPoolExecutor.runWorker(ThreadPoolExecutor.java:1149)
	at java.util.concurrent.ThreadPoolExecutor$Worker.run(ThreadPoolExecutor.java:624)
	at java.lang.Thread.run(Thread.java:748)
... Removed 12 stack frames</pre></div><a href='#' onClick='toggleBox("stack-trace239307086", this, "Click to show all stack frames", "Click to hide stack frames")'>Click to show all stack frames</a>
<div class='stack-trace' id='stack-trace239307086'><pre>org.testng.TestNGException: 
Parameter &apos;myBrowser&apos; is required by BeforeTest on method getBrowser but has not been marked @Optional or defined
in /Users/durga/eclipse-workspace/WordpressParallelTesting/paralleltestSuite.xml
	at org.testng.internal.Parameters.createParams(Parameters.java:290)
	at org.testng.internal.Parameters.createParametersForMethod(Parameters.java:359)
	at org.testng.internal.Parameters.createParameters(Parameters.java:620)
	at org.testng.internal.Parameters.createConfigurationParameters(Parameters.java:190)
	at org.testng.internal.Invoker.invokeConfigurations(Invoker.java:209)
	at org.testng.internal.Invoker.invokeConfigurations(Invoker.java:142)
	at org.testng.TestRunner.beforeRun(TestRunner.java:529)
	at org.testng.TestRunner.run(TestRunner.java:497)
	at org.testng.SuiteRunner.runTest(SuiteRunner.java:455)
	at org.testng.SuiteRunner.access$000(SuiteRunner.java:40)
	at org.testng.SuiteRunner$SuiteWorker.run(SuiteRunner.java:489)
	at org.testng.internal.thread.ThreadUtil$1.call(ThreadUtil.java:52)
	at java.util.concurrent.FutureTask.run(FutureTask.java:266)
	at java.util.concurrent.ThreadPoolExecutor.runWorker(ThreadPoolExecutor.java:1149)
	at java.util.concurrent.ThreadPoolExecutor$Worker.run(ThreadPoolExecutor.java:624)
	at java.lang.Thread.run(Thread.java:748)
</pre></div></td>
<td>0</td>
<td>com.wordpress.xyz.DashboardpageTest@60438a68</td></tr>
</table><p>
<table width='100%' border='1' class='invocation-skipped'>
<tr><td colspan='4' align='center'><b>SKIPPED CONFIGURATIONS</b></td></tr>
<tr><td><b>Test method</b></td>
<td width="30%"><b>Exception</b></td>
<td width="10%"><b>Time (seconds)</b></td>
<td><b>Instance</b></td>
</tr>
<tr>
<td title='com.wordpress.xyz.LoginpageTest.setup()'><b>setup</b><br>Test class: com.wordpress.xyz.LoginpageTest</td>
<td></td>
<td>0</td>
<td>com.wordpress.xyz.LoginpageTest@15b3e5b</td></tr>
<tr>
<td title='com.wordpress.xyz.DashboardpageTest.setUp()'><b>setUp</b><br>Test class: com.wordpress.xyz.DashboardpageTest</td>
<td></td>
<td>0</td>
<td>com.wordpress.xyz.DashboardpageTest@60438a68</td></tr>
<tr>
<td title='com.wordpress.xyz.LoginpageTest.setup()'><b>setup</b><br>Test class: com.wordpress.xyz.LoginpageTest</td>
<td></td>
<td>0</td>
<td>com.wordpress.xyz.LoginpageTest@15b3e5b</td></tr>
<tr>
<td title='com.wordpress.xyz.DashboardpageTest.setUp()'><b>setUp</b><br>Test class: com.wordpress.xyz.DashboardpageTest</td>
<td></td>
<td>0</td>
<td>com.wordpress.xyz.DashboardpageTest@60438a68</td></tr>
<tr>
<td title='com.wordpress.xyz.LoginpageTest.setup()'><b>setup</b><br>Test class: com.wordpress.xyz.LoginpageTest</td>
<td></td>
<td>0</td>
<td>com.wordpress.xyz.LoginpageTest@15b3e5b</td></tr>
<tr>
<td title='com.wordpress.xyz.LoginpageTest.setup()'><b>setup</b><br>Test class: com.wordpress.xyz.LoginpageTest</td>
<td></td>
<td>0</td>
<td>com.wordpress.xyz.LoginpageTest@15b3e5b</td></tr>
<tr>
<td title='com.wordpress.xyz.DashboardpageTest.setUp()'><b>setUp</b><br>Test class: com.wordpress.xyz.DashboardpageTest</td>
<td></td>
<td>0</td>
<td>com.wordpress.xyz.DashboardpageTest@60438a68</td></tr>
<tr>
<td title='com.wordpress.xyz.LoginpageTest.teardown()'><b>teardown</b><br>Test class: com.wordpress.xyz.LoginpageTest</td>
<td></td>
<td>0</td>
<td>com.wordpress.xyz.LoginpageTest@15b3e5b</td></tr>
<tr>
<td title='com.wordpress.xyz.DashboardpageTest.tearDown()'><b>tearDown</b><br>Test class: com.wordpress.xyz.DashboardpageTest</td>
<td></td>
<td>0</td>
<td>com.wordpress.xyz.DashboardpageTest@60438a68</td></tr>
<tr>
<td title='com.wordpress.xyz.LoginpageTest.teardown()'><b>teardown</b><br>Test class: com.wordpress.xyz.LoginpageTest</td>
<td></td>
<td>0</td>
<td>com.wordpress.xyz.LoginpageTest@15b3e5b</td></tr>
<tr>
<td title='com.wordpress.xyz.DashboardpageTest.tearDown()'><b>tearDown</b><br>Test class: com.wordpress.xyz.DashboardpageTest</td>
<td></td>
<td>0</td>
<td>com.wordpress.xyz.DashboardpageTest@60438a68</td></tr>
<tr>
<td title='com.wordpress.xyz.LoginpageTest.teardown()'><b>teardown</b><br>Test class: com.wordpress.xyz.LoginpageTest</td>
<td></td>
<td>0</td>
<td>com.wordpress.xyz.LoginpageTest@15b3e5b</td></tr>
<tr>
<td title='com.wordpress.xyz.LoginpageTest.teardown()'><b>teardown</b><br>Test class: com.wordpress.xyz.LoginpageTest</td>
<td></td>
<td>0</td>
<td>com.wordpress.xyz.LoginpageTest@15b3e5b</td></tr>
<tr>
<td title='com.wordpress.xyz.LoginpageTest.closeBrowser()'><b>closeBrowser</b><br>Test class: com.wordpress.xyz.LoginpageTest</td>
<td></td>
<td>0</td>
<td>com.wordpress.xyz.LoginpageTest@15b3e5b</td></tr>
</table><p>
<table width='100%' border='1' class='invocation-skipped'>
<tr><td colspan='4' align='center'><b>SKIPPED TESTS</b></td></tr>
<tr><td><b>Test method</b></td>
<td width="30%"><b>Exception</b></td>
<td width="10%"><b>Time (seconds)</b></td>
<td><b>Instance</b></td>
</tr>
<tr>
<td title='com.wordpress.xyz.LoginpageTest.validateincorrectloginTest1()'><b>validateincorrectloginTest1</b><br>Test class: com.wordpress.xyz.LoginpageTest</td>
<td><div><pre>org.testng.TestNGException: 
Parameter &apos;myBrowser&apos; is required by BeforeTest on method getBrowser but has not been marked @Optional or defined
in /Users/durga/eclipse-workspace/WordpressParallelTesting/paralleltestSuite.xml
	at java.util.concurrent.FutureTask.run(FutureTask.java:266)
	at java.util.concurrent.ThreadPoolExecutor.runWorker(ThreadPoolExecutor.java:1149)
	at java.util.concurrent.ThreadPoolExecutor$Worker.run(ThreadPoolExecutor.java:624)
	at java.lang.Thread.run(Thread.java:748)
... Removed 12 stack frames</pre></div><a href='#' onClick='toggleBox("stack-trace1261347436", this, "Click to show all stack frames", "Click to hide stack frames")'>Click to show all stack frames</a>
<div class='stack-trace' id='stack-trace1261347436'><pre>org.testng.TestNGException: 
Parameter &apos;myBrowser&apos; is required by BeforeTest on method getBrowser but has not been marked @Optional or defined
in /Users/durga/eclipse-workspace/WordpressParallelTesting/paralleltestSuite.xml
	at org.testng.internal.Parameters.createParams(Parameters.java:290)
	at org.testng.internal.Parameters.createParametersForMethod(Parameters.java:359)
	at org.testng.internal.Parameters.createParameters(Parameters.java:620)
	at org.testng.internal.Parameters.createConfigurationParameters(Parameters.java:190)
	at org.testng.internal.Invoker.invokeConfigurations(Invoker.java:209)
	at org.testng.internal.Invoker.invokeConfigurations(Invoker.java:142)
	at org.testng.TestRunner.beforeRun(TestRunner.java:529)
	at org.testng.TestRunner.run(TestRunner.java:497)
	at org.testng.SuiteRunner.runTest(SuiteRunner.java:455)
	at org.testng.SuiteRunner.access$000(SuiteRunner.java:40)
	at org.testng.SuiteRunner$SuiteWorker.run(SuiteRunner.java:489)
	at org.testng.internal.thread.ThreadUtil$1.call(ThreadUtil.java:52)
	at java.util.concurrent.FutureTask.run(FutureTask.java:266)
	at java.util.concurrent.ThreadPoolExecutor.runWorker(ThreadPoolExecutor.java:1149)
	at java.util.concurrent.ThreadPoolExecutor$Worker.run(ThreadPoolExecutor.java:624)
	at java.lang.Thread.run(Thread.java:748)
</pre></div></td>
<td>0</td>
<td>com.wordpress.xyz.LoginpageTest@15b3e5b</td></tr>
<tr>
<td title='com.wordpress.xyz.LoginpageTest.validateincorrectloginTest2()'><b>validateincorrectloginTest2</b><br>Test class: com.wordpress.xyz.LoginpageTest</td>
<td><div><pre>org.testng.TestNGException: 
Parameter &apos;myBrowser&apos; is required by BeforeTest on method getBrowser but has not been marked @Optional or defined
in /Users/durga/eclipse-workspace/WordpressParallelTesting/paralleltestSuite.xml
	at java.util.concurrent.FutureTask.run(FutureTask.java:266)
	at java.util.concurrent.ThreadPoolExecutor.runWorker(ThreadPoolExecutor.java:1149)
	at java.util.concurrent.ThreadPoolExecutor$Worker.run(ThreadPoolExecutor.java:624)
	at java.lang.Thread.run(Thread.java:748)
... Removed 12 stack frames</pre></div><a href='#' onClick='toggleBox("stack-trace174928426", this, "Click to show all stack frames", "Click to hide stack frames")'>Click to show all stack frames</a>
<div class='stack-trace' id='stack-trace174928426'><pre>org.testng.TestNGException: 
Parameter &apos;myBrowser&apos; is required by BeforeTest on method getBrowser but has not been marked @Optional or defined
in /Users/durga/eclipse-workspace/WordpressParallelTesting/paralleltestSuite.xml
	at org.testng.internal.Parameters.createParams(Parameters.java:290)
	at org.testng.internal.Parameters.createParametersForMethod(Parameters.java:359)
	at org.testng.internal.Parameters.createParameters(Parameters.java:620)
	at org.testng.internal.Parameters.createConfigurationParameters(Parameters.java:190)
	at org.testng.internal.Invoker.invokeConfigurations(Invoker.java:209)
	at org.testng.internal.Invoker.invokeConfigurations(Invoker.java:142)
	at org.testng.TestRunner.beforeRun(TestRunner.java:529)
	at org.testng.TestRunner.run(TestRunner.java:497)
	at org.testng.SuiteRunner.runTest(SuiteRunner.java:455)
	at org.testng.SuiteRunner.access$000(SuiteRunner.java:40)
	at org.testng.SuiteRunner$SuiteWorker.run(SuiteRunner.java:489)
	at org.testng.internal.thread.ThreadUtil$1.call(ThreadUtil.java:52)
	at java.util.concurrent.FutureTask.run(FutureTask.java:266)
	at java.util.concurrent.ThreadPoolExecutor.runWorker(ThreadPoolExecutor.java:1149)
	at java.util.concurrent.ThreadPoolExecutor$Worker.run(ThreadPoolExecutor.java:624)
	at java.lang.Thread.run(Thread.java:748)
</pre></div></td>
<td>0</td>
<td>com.wordpress.xyz.LoginpageTest@15b3e5b</td></tr>
<tr>
<td title='com.wordpress.xyz.LoginpageTest.validateloginTest()'><b>validateloginTest</b><br>Test class: com.wordpress.xyz.LoginpageTest</td>
<td><div><pre>org.testng.TestNGException: 
Parameter &apos;myBrowser&apos; is required by BeforeTest on method getBrowser but has not been marked @Optional or defined
in /Users/durga/eclipse-workspace/WordpressParallelTesting/paralleltestSuite.xml
	at java.util.concurrent.FutureTask.run(FutureTask.java:266)
	at java.util.concurrent.ThreadPoolExecutor.runWorker(ThreadPoolExecutor.java:1149)
	at java.util.concurrent.ThreadPoolExecutor$Worker.run(ThreadPoolExecutor.java:624)
	at java.lang.Thread.run(Thread.java:748)
... Removed 12 stack frames</pre></div><a href='#' onClick='toggleBox("stack-trace1851480006", this, "Click to show all stack frames", "Click to hide stack frames")'>Click to show all stack frames</a>
<div class='stack-trace' id='stack-trace1851480006'><pre>org.testng.TestNGException: 
Parameter &apos;myBrowser&apos; is required by BeforeTest on method getBrowser but has not been marked @Optional or defined
in /Users/durga/eclipse-workspace/WordpressParallelTesting/paralleltestSuite.xml
	at org.testng.internal.Parameters.createParams(Parameters.java:290)
	at org.testng.internal.Parameters.createParametersForMethod(Parameters.java:359)
	at org.testng.internal.Parameters.createParameters(Parameters.java:620)
	at org.testng.internal.Parameters.createConfigurationParameters(Parameters.java:190)
	at org.testng.internal.Invoker.invokeConfigurations(Invoker.java:209)
	at org.testng.internal.Invoker.invokeConfigurations(Invoker.java:142)
	at org.testng.TestRunner.beforeRun(TestRunner.java:529)
	at org.testng.TestRunner.run(TestRunner.java:497)
	at org.testng.SuiteRunner.runTest(SuiteRunner.java:455)
	at org.testng.SuiteRunner.access$000(SuiteRunner.java:40)
	at org.testng.SuiteRunner$SuiteWorker.run(SuiteRunner.java:489)
	at org.testng.internal.thread.ThreadUtil$1.call(ThreadUtil.java:52)
	at java.util.concurrent.FutureTask.run(FutureTask.java:266)
	at java.util.concurrent.ThreadPoolExecutor.runWorker(ThreadPoolExecutor.java:1149)
	at java.util.concurrent.ThreadPoolExecutor$Worker.run(ThreadPoolExecutor.java:624)
	at java.lang.Thread.run(Thread.java:748)
</pre></div></td>
<td>0</td>
<td>com.wordpress.xyz.LoginpageTest@15b3e5b</td></tr>
<tr>
<td title='com.wordpress.xyz.LoginpageTest.validatetitleTest()'><b>validatetitleTest</b><br>Test class: com.wordpress.xyz.LoginpageTest</td>
<td><div><pre>org.testng.TestNGException: 
Parameter &apos;myBrowser&apos; is required by BeforeTest on method getBrowser but has not been marked @Optional or defined
in /Users/durga/eclipse-workspace/WordpressParallelTesting/paralleltestSuite.xml
	at java.util.concurrent.FutureTask.run(FutureTask.java:266)
	at java.util.concurrent.ThreadPoolExecutor.runWorker(ThreadPoolExecutor.java:1149)
	at java.util.concurrent.ThreadPoolExecutor$Worker.run(ThreadPoolExecutor.java:624)
	at java.lang.Thread.run(Thread.java:748)
... Removed 12 stack frames</pre></div><a href='#' onClick='toggleBox("stack-trace673011875", this, "Click to show all stack frames", "Click to hide stack frames")'>Click to show all stack frames</a>
<div class='stack-trace' id='stack-trace673011875'><pre>org.testng.TestNGException: 
Parameter &apos;myBrowser&apos; is required by BeforeTest on method getBrowser but has not been marked @Optional or defined
in /Users/durga/eclipse-workspace/WordpressParallelTesting/paralleltestSuite.xml
	at org.testng.internal.Parameters.createParams(Parameters.java:290)
	at org.testng.internal.Parameters.createParametersForMethod(Parameters.java:359)
	at org.testng.internal.Parameters.createParameters(Parameters.java:620)
	at org.testng.internal.Parameters.createConfigurationParameters(Parameters.java:190)
	at org.testng.internal.Invoker.invokeConfigurations(Invoker.java:209)
	at org.testng.internal.Invoker.invokeConfigurations(Invoker.java:142)
	at org.testng.TestRunner.beforeRun(TestRunner.java:529)
	at org.testng.TestRunner.run(TestRunner.java:497)
	at org.testng.SuiteRunner.runTest(SuiteRunner.java:455)
	at org.testng.SuiteRunner.access$000(SuiteRunner.java:40)
	at org.testng.SuiteRunner$SuiteWorker.run(SuiteRunner.java:489)
	at org.testng.internal.thread.ThreadUtil$1.call(ThreadUtil.java:52)
	at java.util.concurrent.FutureTask.run(FutureTask.java:266)
	at java.util.concurrent.ThreadPoolExecutor.runWorker(ThreadPoolExecutor.java:1149)
	at java.util.concurrent.ThreadPoolExecutor$Worker.run(ThreadPoolExecutor.java:624)
	at java.lang.Thread.run(Thread.java:748)
</pre></div></td>
<td>0</td>
<td>com.wordpress.xyz.LoginpageTest@15b3e5b</td></tr>
</table><p>
</body>
</html>