<?xml version="1.0" encoding="UTF-8"?>
<!-- Generated by org.testng.reporters.JUnitXMLReporter -->
<testsuite hostname="Sowbhas-iMac.local" ignored="0" name="Loginpage" tests="4" failures="0" timestamp="29 May 2019 12:35:39 GMT" time="0.099" errors="0">
  <testcase name="@BeforeTest getBrowser" time="0.0" classname="com.wordpress.base.TestBaseParallel">
    <failure type="org.testng.TestNGException" message="
Parameter &amp;apos;myBrowser&amp;apos; is required by BeforeTest on method getBrowser but has not been marked @Optional or defined
in /Users/durga/eclipse-workspace/WordpressParallelTesting/paralleltestSuite.xml">
      <![CDATA[org.testng.TestNGException: 
Parameter 'myBrowser' is required by BeforeTest on method getBrowser but has not been marked @Optional or defined
in /Users/durga/eclipse-workspace/WordpressParallelTesting/paralleltestSuite.xml
at java.util.concurrent.FutureTask.run(FutureTask.java:266)
at java.util.concurrent.ThreadPoolExecutor.runWorker(ThreadPoolExecutor.java:1149)
at java.util.concurrent.ThreadPoolExecutor$Worker.run(ThreadPoolExecutor.java:624)
at java.lang.Thread.run(Thread.java:748)
... Removed 12 stack frames]]>
    </failure>
  </testcase> <!-- @BeforeTest getBrowser -->
  <testcase name="@BeforeTest getBrowser" time="0.0" classname="com.wordpress.base.TestBaseParallel">
    <failure type="org.testng.TestNGException" message="
Parameter &amp;apos;myBrowser&amp;apos; is required by BeforeTest on method getBrowser but has not been marked @Optional or defined
in /Users/durga/eclipse-workspace/WordpressParallelTesting/paralleltestSuite.xml">
      <![CDATA[org.testng.TestNGException: 
Parameter 'myBrowser' is required by BeforeTest on method getBrowser but has not been marked @Optional or defined
in /Users/durga/eclipse-workspace/WordpressParallelTesting/paralleltestSuite.xml
at java.util.concurrent.FutureTask.run(FutureTask.java:266)
at java.util.concurrent.ThreadPoolExecutor.runWorker(ThreadPoolExecutor.java:1149)
at java.util.concurrent.ThreadPoolExecutor$Worker.run(ThreadPoolExecutor.java:624)
at java.lang.Thread.run(Thread.java:748)
... Removed 12 stack frames]]>
    </failure>
  </testcase> <!-- @BeforeTest getBrowser -->
  <testcase name="@BeforeMethod setUp" time="0.0" classname="com.wordpress.xyz.DashboardpageTest">
    <skipped/>
  </testcase> <!-- @BeforeMethod setUp -->
  <testcase name="@BeforeMethod setup" time="0.0" classname="com.wordpress.xyz.LoginpageTest">
    <skipped/>
  </testcase> <!-- @BeforeMethod setup -->
  <testcase name="@AfterMethod teardown" time="0.0" classname="com.wordpress.xyz.LoginpageTest">
    <skipped/>
  </testcase> <!-- @AfterMethod teardown -->
  <testcase name="@AfterMethod tearDown" time="0.0" classname="com.wordpress.xyz.DashboardpageTest">
    <skipped/>
  </testcase> <!-- @AfterMethod tearDown -->
  <testcase name="@BeforeMethod setup" time="0.0" classname="com.wordpress.xyz.LoginpageTest">
    <skipped/>
  </testcase> <!-- @BeforeMethod setup -->
  <testcase name="@BeforeMethod setUp" time="0.0" classname="com.wordpress.xyz.DashboardpageTest">
    <skipped/>
  </testcase> <!-- @BeforeMethod setUp -->
  <testcase name="@AfterMethod teardown" time="0.0" classname="com.wordpress.xyz.LoginpageTest">
    <skipped/>
  </testcase> <!-- @AfterMethod teardown -->
  <testcase name="@BeforeMethod setup" time="0.0" classname="com.wordpress.xyz.LoginpageTest">
    <skipped/>
  </testcase> <!-- @BeforeMethod setup -->
  <testcase name="@AfterMethod tearDown" time="0.0" classname="com.wordpress.xyz.DashboardpageTest">
    <skipped/>
  </testcase> <!-- @AfterMethod tearDown -->
  <testcase name="@AfterMethod teardown" time="0.0" classname="com.wordpress.xyz.LoginpageTest">
    <skipped/>
  </testcase> <!-- @AfterMethod teardown -->
  <testcase name="@BeforeMethod setup" time="0.0" classname="com.wordpress.xyz.LoginpageTest">
    <skipped/>
  </testcase> <!-- @BeforeMethod setup -->
  <testcase name="@BeforeMethod setUp" time="0.0" classname="com.wordpress.xyz.DashboardpageTest">
    <skipped/>
  </testcase> <!-- @BeforeMethod setUp -->
  <testcase name="@AfterMethod teardown" time="0.0" classname="com.wordpress.xyz.LoginpageTest">
    <skipped/>
  </testcase> <!-- @AfterMethod teardown -->
  <testcase name="@AfterTest closeBrowser" time="0.0" classname="com.wordpress.base.TestBaseParallel">
    <skipped/>
  </testcase> <!-- @AfterTest closeBrowser -->
  <testcase name="@AfterMethod tearDown" time="0.0" classname="com.wordpress.xyz.DashboardpageTest">
    <skipped/>
  </testcase> <!-- @AfterMethod tearDown -->
  <testcase name="@BeforeMethod setUp" time="0.0" classname="com.wordpress.xyz.DashboardpageTest">
    <skipped/>
  </testcase> <!-- @BeforeMethod setUp -->
  <testcase name="@AfterMethod tearDown" time="0.0" classname="com.wordpress.xyz.DashboardpageTest">
    <skipped/>
  </testcase> <!-- @AfterMethod tearDown -->
  <testcase name="@BeforeMethod setUp" time="0.0" classname="com.wordpress.xyz.DashboardpageTest">
    <skipped/>
  </testcase> <!-- @BeforeMethod setUp -->
  <testcase name="@AfterMethod tearDown" time="0.0" classname="com.wordpress.xyz.DashboardpageTest">
    <skipped/>
  </testcase> <!-- @AfterMethod tearDown -->
  <testcase name="@AfterTest closeBrowser" time="0.0" classname="com.wordpress.base.TestBaseParallel">
    <skipped/>
  </testcase> <!-- @AfterTest closeBrowser -->
  <testcase name="validateincorrectloginTest1" time="0.0" classname="com.wordpress.xyz.LoginpageTest">
    <skipped/>
  </testcase> <!-- validateincorrectloginTest1 -->
  <testcase name="validateincorrectloginTest2" time="0.0" classname="com.wordpress.xyz.LoginpageTest">
    <skipped/>
  </testcase> <!-- validateincorrectloginTest2 -->
  <testcase name="validateloginTest" time="0.0" classname="com.wordpress.xyz.LoginpageTest">
    <skipped/>
  </testcase> <!-- validateloginTest -->
  <testcase name="validatetitleTest" time="0.0" classname="com.wordpress.xyz.LoginpageTest">
    <skipped/>
  </testcase> <!-- validatetitleTest -->
</testsuite> <!-- Loginpage -->
