<?xml version="1.0" encoding="UTF-8"?>
<!-- Generated by org.testng.reporters.JUnitXMLReporter -->
<testsuite hostname="Sowbhas-iMac.local" ignored="0" name="LoginpageTest" tests="4" failures="0" timestamp="29 May 2019 09:46:24 GMT" time="0.114" errors="0">
  <testcase name="@BeforeTest getBrowser" time="0.0" classname="com.wordpress.base.TestBaseParallel">
    <failure type="org.testng.TestNGException" message="
Parameter &amp;apos;myBrowser&amp;apos; is required by BeforeTest on method getBrowser but has not been marked @Optional or defined
in /Users/durga/eclipse-workspace/WordpressParallelTesting/TestNG1.xml">
      <![CDATA[org.testng.TestNGException: 
Parameter 'myBrowser' is required by BeforeTest on method getBrowser but has not been marked @Optional or defined
in /Users/durga/eclipse-workspace/WordpressParallelTesting/TestNG1.xml
... Removed 21 stack frames]]>
    </failure>
  </testcase> <!-- @BeforeTest getBrowser -->
  <testcase name="@BeforeMethod setup" time="0.0" classname="com.wordpress.xyz.LoginpageTest">
    <skipped/>
  </testcase> <!-- @BeforeMethod setup -->
  <testcase name="@AfterMethod teardown" time="0.0" classname="com.wordpress.xyz.LoginpageTest">
    <skipped/>
  </testcase> <!-- @AfterMethod teardown -->
  <testcase name="@BeforeMethod setup" time="0.0" classname="com.wordpress.xyz.LoginpageTest">
    <skipped/>
  </testcase> <!-- @BeforeMethod setup -->
  <testcase name="@AfterMethod teardown" time="0.0" classname="com.wordpress.xyz.LoginpageTest">
    <skipped/>
  </testcase> <!-- @AfterMethod teardown -->
  <testcase name="@BeforeMethod setup" time="0.0" classname="com.wordpress.xyz.LoginpageTest">
    <skipped/>
  </testcase> <!-- @BeforeMethod setup -->
  <testcase name="@AfterMethod teardown" time="0.0" classname="com.wordpress.xyz.LoginpageTest">
    <skipped/>
  </testcase> <!-- @AfterMethod teardown -->
  <testcase name="@BeforeMethod setup" time="0.0" classname="com.wordpress.xyz.LoginpageTest">
    <skipped/>
  </testcase> <!-- @BeforeMethod setup -->
  <testcase name="@AfterMethod teardown" time="0.0" classname="com.wordpress.xyz.LoginpageTest">
    <skipped/>
  </testcase> <!-- @AfterMethod teardown -->
  <testcase name="@AfterTest closeBrowser" time="0.0" classname="com.wordpress.base.TestBaseParallel">
    <skipped/>
  </testcase> <!-- @AfterTest closeBrowser -->
  <testcase name="validateincorrectloginTest1" time="0.0" classname="com.wordpress.xyz.LoginpageTest">
    <skipped/>
  </testcase> <!-- validateincorrectloginTest1 -->
  <testcase name="validateincorrectloginTest2" time="0.0" classname="com.wordpress.xyz.LoginpageTest">
    <skipped/>
  </testcase> <!-- validateincorrectloginTest2 -->
  <testcase name="validateloginTest" time="0.0" classname="com.wordpress.xyz.LoginpageTest">
    <skipped/>
  </testcase> <!-- validateloginTest -->
  <testcase name="validatetitleTest" time="0.0" classname="com.wordpress.xyz.LoginpageTest">
    <skipped/>
  </testcase> <!-- validatetitleTest -->
</testsuite> <!-- LoginpageTest -->
