<?xml version="1.0" encoding="UTF-8"?>
<!-- Generated by org.testng.reporters.JUnitXMLReporter -->
<testsuite hostname="Sowbhas-iMac.local" ignored="2" name="Firefox_Execution" tests="9" failures="1" timestamp="30 May 2019 04:26:17 GMT" time="23.326" errors="0">
  <testcase name="validatecustomizeTest" time="7.678" classname="com.wordpress.xyz.DashboardpageTest">
    <failure type="org.openqa.selenium.NoSuchElementException" message="Unable to locate element: Customize Your Site
For documentation on this error, please visit: https://www.seleniumhq.org/exceptions/no_such_element.html
Build info: version: &amp;apos;3.141.59&amp;apos;, revision: &amp;apos;e82be7d358&amp;apos;, time: &amp;apos;2018-11-14T08:17:03&amp;apos;
System info: host: &amp;apos;Sowbhas-iMac.local&amp;apos;, ip: &amp;apos;10.79.0.23&amp;apos;, os.name: &amp;apos;Mac OS X&amp;apos;, os.arch: &amp;apos;x86_64&amp;apos;, os.version: &amp;apos;10.12.6&amp;apos;, java.version: &amp;apos;1.8.0_201&amp;apos;
Driver info: org.openqa.selenium.firefox.FirefoxDriver
Capabilities {acceptInsecureCerts: true, browserName: firefox, browserVersion: 64.0, javascriptEnabled: true, moz:accessibilityChecks: false, moz:geckodriverVersion: 0.23.0, moz:headless: false, moz:processID: 11956, moz:profile: /var/folders/kw/37dwzp7n23q..., moz:shutdownTimeout: 60000, moz:useNonSpecCompliantPointerOrigin: false, moz:webdriverClick: true, pageLoadStrategy: normal, platform: MAC, platformName: MAC, platformVersion: 16.7.0, rotatable: false, setWindowRect: true, timeouts: {implicit: 0, pageLoad: 300000, script: 30000}, unhandledPromptBehavior: dismiss and notify}
Session ID: e68aae0e-8e3a-2a46-944f-82a1c173aa52
*** Element info: {Using=partial link text, value=Customize Your Site}">
      <![CDATA[org.openqa.selenium.NoSuchElementException: Unable to locate element: Customize Your Site
For documentation on this error, please visit: https://www.seleniumhq.org/exceptions/no_such_element.html
Build info: version: '3.141.59', revision: 'e82be7d358', time: '2018-11-14T08:17:03'
System info: host: 'Sowbhas-iMac.local', ip: '10.79.0.23', os.name: 'Mac OS X', os.arch: 'x86_64', os.version: '10.12.6', java.version: '1.8.0_201'
Driver info: org.openqa.selenium.firefox.FirefoxDriver
Capabilities {acceptInsecureCerts: true, browserName: firefox, browserVersion: 64.0, javascriptEnabled: true, moz:accessibilityChecks: false, moz:geckodriverVersion: 0.23.0, moz:headless: false, moz:processID: 11956, moz:profile: /var/folders/kw/37dwzp7n23q..., moz:shutdownTimeout: 60000, moz:useNonSpecCompliantPointerOrigin: false, moz:webdriverClick: true, pageLoadStrategy: normal, platform: MAC, platformName: MAC, platformVersion: 16.7.0, rotatable: false, setWindowRect: true, timeouts: {implicit: 0, pageLoad: 300000, script: 30000}, unhandledPromptBehavior: dismiss and notify}
Session ID: e68aae0e-8e3a-2a46-944f-82a1c173aa52
*** Element info: {Using=partial link text, value=Customize Your Site}
at sun.reflect.NativeConstructorAccessorImpl.newInstance0(Native Method)
at sun.reflect.NativeConstructorAccessorImpl.newInstance(NativeConstructorAccessorImpl.java:62)
at sun.reflect.DelegatingConstructorAccessorImpl.newInstance(DelegatingConstructorAccessorImpl.java:45)
at java.lang.reflect.Constructor.newInstance(Constructor.java:423)
at org.openqa.selenium.remote.http.W3CHttpResponseCodec.createException(W3CHttpResponseCodec.java:187)
at org.openqa.selenium.remote.http.W3CHttpResponseCodec.decode(W3CHttpResponseCodec.java:122)
at org.openqa.selenium.remote.http.W3CHttpResponseCodec.decode(W3CHttpResponseCodec.java:49)
at org.openqa.selenium.remote.HttpCommandExecutor.execute(HttpCommandExecutor.java:158)
at org.openqa.selenium.remote.service.DriverCommandExecutor.execute(DriverCommandExecutor.java:83)
at org.openqa.selenium.remote.RemoteWebDriver.execute(RemoteWebDriver.java:552)
at org.openqa.selenium.remote.RemoteWebDriver.findElement(RemoteWebDriver.java:323)
at org.openqa.selenium.remote.RemoteWebDriver.findElementByPartialLinkText(RemoteWebDriver.java:388)
at org.openqa.selenium.By$ByPartialLinkText.findElement(By.java:250)
at org.openqa.selenium.remote.RemoteWebDriver.findElement(RemoteWebDriver.java:315)
at org.openqa.selenium.support.pagefactory.DefaultElementLocator.findElement(DefaultElementLocator.java:69)
at org.openqa.selenium.support.pagefactory.internal.LocatingElementHandler.invoke(LocatingElementHandler.java:38)
at com.sun.proxy.$Proxy12.click(Unknown Source)
at com.wordpress.pagelayers.Dashboardpage.validatecustomizesite(Dashboardpage.java:49)
at com.wordpress.xyz.DashboardpageTest.validatecustomizeTest(DashboardpageTest.java:47)
at sun.reflect.NativeMethodAccessorImpl.invoke0(Native Method)
at sun.reflect.NativeMethodAccessorImpl.invoke(NativeMethodAccessorImpl.java:62)
at sun.reflect.DelegatingMethodAccessorImpl.invoke(DelegatingMethodAccessorImpl.java:43)
at java.lang.reflect.Method.invoke(Method.java:498)
at org.testng.internal.MethodInvocationHelper.invokeMethod(MethodInvocationHelper.java:124)
at org.testng.internal.Invoker.invokeMethod(Invoker.java:583)
at org.testng.internal.Invoker.invokeTestMethod(Invoker.java:719)
at org.testng.internal.Invoker.invokeTestMethods(Invoker.java:989)
at org.testng.internal.TestMethodWorker.invokeTestMethods(TestMethodWorker.java:125)
at org.testng.internal.TestMethodWorker.run(TestMethodWorker.java:109)
at java.util.concurrent.ThreadPoolExecutor.runWorker(ThreadPoolExecutor.java:1149)
at java.util.concurrent.ThreadPoolExecutor$Worker.run(ThreadPoolExecutor.java:624)
at java.lang.Thread.run(Thread.java:748)
]]>
    </failure>
  </testcase> <!-- validatecustomizeTest -->
  <testcase name="validatepostTest" time="0.0" classname="com.wordpress.xyz.DashboardpageTest">
    <skipped/>
  </testcase> <!-- validatepostTest -->
  <testcase name="validatefirstenrtyTest" time="0.0" classname="com.wordpress.xyz.DashboardpageTest">
    <skipped/>
  </testcase> <!-- validatefirstenrtyTest -->
  <testcase name="validatecreatepageTest" time="0.0" classname="com.wordpress.xyz.DashboardpageTest">
    <skipped/>
  </testcase> <!-- validatecreatepageTest -->
  <testcase name="validatecommentsTest" time="0.0" classname="com.wordpress.xyz.DashboardpageTest">
    <skipped/>
  </testcase> <!-- validatecommentsTest -->
  <testcase name="validateincorrectloginTest1" time="9.322" classname="com.wordpress.xyz.LoginpageTest"/>
  <testcase name="validateincorrectloginTest2" time="1.281" classname="com.wordpress.xyz.LoginpageTest"/>
  <testcase name="validateloginTest" time="2.655" classname="com.wordpress.xyz.LoginpageTest"/>
  <testcase name="validatetitleTest" time="0.017" classname="com.wordpress.xyz.LoginpageTest"/>
  <testcase name="@BeforeTest getBrowser" time="0.0" classname="com.wordpress.base.TestBaseParallel">
    <ignored/>
  </testcase> <!-- @BeforeTest getBrowser -->
  <testcase name="@AfterTest closeBrowser" time="0.0" classname="com.wordpress.base.TestBaseParallel">
    <ignored/>
  </testcase> <!-- @AfterTest closeBrowser -->
</testsuite> <!-- Firefox_Execution -->
